mode: set
github.com/Tencent/bk-bcs/bcs-runtime/bcs-k8s/bcs-component/bcs-cluster-autoscaler/cloudprovider/bcs/cache.go:54.59,63.2 2 1
github.com/Tencent/bk-bcs/bcs-runtime/bcs-k8s/bcs-component/bcs-cluster-autoscaler/cloudprovider/bcs/cache.go:66.53,71.2 3 1
github.com/Tencent/bk-bcs/bcs-runtime/bcs-k8s/bcs-component/bcs-cluster-autoscaler/cloudprovider/bcs/cache.go:74.65,78.2 3 1
github.com/Tencent/bk-bcs/bcs-runtime/bcs-k8s/bcs-component/bcs-cluster-autoscaler/cloudprovider/bcs/cache.go:81.85,85.58 4 1
github.com/Tencent/bk-bcs/bcs-runtime/bcs-k8s/bcs-component/bcs-cluster-autoscaler/cloudprovider/bcs/cache.go:89.2,89.44 1 1
github.com/Tencent/bk-bcs/bcs-runtime/bcs-k8s/bcs-component/bcs-cluster-autoscaler/cloudprovider/bcs/cache.go:93.2,93.58 1 0
github.com/Tencent/bk-bcs/bcs-runtime/bcs-k8s/bcs-component/bcs-cluster-autoscaler/cloudprovider/bcs/cache.go:97.2,97.17 1 0
github.com/Tencent/bk-bcs/bcs-runtime/bcs-k8s/bcs-component/bcs-cluster-autoscaler/cloudprovider/bcs/cache.go:85.58,87.3 1 1
github.com/Tencent/bk-bcs/bcs-runtime/bcs-k8s/bcs-component/bcs-cluster-autoscaler/cloudprovider/bcs/cache.go:89.44,91.3 1 1
github.com/Tencent/bk-bcs/bcs-runtime/bcs-k8s/bcs-component/bcs-cluster-autoscaler/cloudprovider/bcs/cache.go:93.58,95.3 1 0
github.com/Tencent/bk-bcs/bcs-runtime/bcs-k8s/bcs-component/bcs-cluster-autoscaler/cloudprovider/bcs/cache.go:101.85,105.32 3 1
github.com/Tencent/bk-bcs/bcs-runtime/bcs-k8s/bcs-component/bcs-cluster-autoscaler/cloudprovider/bcs/cache.go:112.2,112.14 1 1
github.com/Tencent/bk-bcs/bcs-runtime/bcs-k8s/bcs-component/bcs-cluster-autoscaler/cloudprovider/bcs/cache.go:105.32,106.57 1 1
github.com/Tencent/bk-bcs/bcs-runtime/bcs-k8s/bcs-component/bcs-cluster-autoscaler/cloudprovider/bcs/cache.go:106.57,109.4 2 1
github.com/Tencent/bk-bcs/bcs-runtime/bcs-k8s/bcs-component/bcs-cluster-autoscaler/cloudprovider/bcs/cache.go:115.50,117.2 1 1
github.com/Tencent/bk-bcs/bcs-runtime/bcs-k8s/bcs-component/bcs-cluster-autoscaler/cloudprovider/bcs/cache.go:119.61,122.61 2 1
github.com/Tencent/bk-bcs/bcs-runtime/bcs-k8s/bcs-component/bcs-cluster-autoscaler/cloudprovider/bcs/cache.go:128.2,132.43 3 1
github.com/Tencent/bk-bcs/bcs-runtime/bcs-k8s/bcs-component/bcs-cluster-autoscaler/cloudprovider/bcs/cache.go:175.2,180.12 5 1
github.com/Tencent/bk-bcs/bcs-runtime/bcs-k8s/bcs-component/bcs-cluster-autoscaler/cloudprovider/bcs/cache.go:122.61,126.3 2 1
github.com/Tencent/bk-bcs/bcs-runtime/bcs-k8s/bcs-component/bcs-cluster-autoscaler/cloudprovider/bcs/cache.go:132.43,138.17 4 1
github.com/Tencent/bk-bcs/bcs-runtime/bcs-k8s/bcs-component/bcs-cluster-autoscaler/cloudprovider/bcs/cache.go:142.3,142.32 1 1
github.com/Tencent/bk-bcs/bcs-runtime/bcs-k8s/bcs-component/bcs-cluster-autoscaler/cloudprovider/bcs/cache.go:151.3,152.17 2 1
github.com/Tencent/bk-bcs/bcs-runtime/bcs-k8s/bcs-component/bcs-cluster-autoscaler/cloudprovider/bcs/cache.go:155.3,156.17 2 1
github.com/Tencent/bk-bcs/bcs-runtime/bcs-k8s/bcs-component/bcs-cluster-autoscaler/cloudprovider/bcs/cache.go:159.3,161.23 2 1
github.com/Tencent/bk-bcs/bcs-runtime/bcs-k8s/bcs-component/bcs-cluster-autoscaler/cloudprovider/bcs/cache.go:165.3,166.40 2 1
github.com/Tencent/bk-bcs/bcs-runtime/bcs-k8s/bcs-component/bcs-cluster-autoscaler/cloudprovider/bcs/cache.go:169.3,169.40 1 1
github.com/Tencent/bk-bcs/bcs-runtime/bcs-k8s/bcs-component/bcs-cluster-autoscaler/cloudprovider/bcs/cache.go:172.3,172.20 1 1
github.com/Tencent/bk-bcs/bcs-runtime/bcs-k8s/bcs-component/bcs-cluster-autoscaler/cloudprovider/bcs/cache.go:138.17,140.4 1 1
github.com/Tencent/bk-bcs/bcs-runtime/bcs-k8s/bcs-component/bcs-cluster-autoscaler/cloudprovider/bcs/cache.go:142.32,144.39 2 1
github.com/Tencent/bk-bcs/bcs-runtime/bcs-k8s/bcs-component/bcs-cluster-autoscaler/cloudprovider/bcs/cache.go:147.4,149.54 3 1
github.com/Tencent/bk-bcs/bcs-runtime/bcs-k8s/bcs-component/bcs-cluster-autoscaler/cloudprovider/bcs/cache.go:144.39,145.13 1 0
github.com/Tencent/bk-bcs/bcs-runtime/bcs-k8s/bcs-component/bcs-cluster-autoscaler/cloudprovider/bcs/cache.go:152.17,154.4 1 0
github.com/Tencent/bk-bcs/bcs-runtime/bcs-k8s/bcs-component/bcs-cluster-autoscaler/cloudprovider/bcs/cache.go:156.17,158.4 1 1
github.com/Tencent/bk-bcs/bcs-runtime/bcs-k8s/bcs-component/bcs-cluster-autoscaler/cloudprovider/bcs/cache.go:161.23,163.4 1 1
github.com/Tencent/bk-bcs/bcs-runtime/bcs-k8s/bcs-component/bcs-cluster-autoscaler/cloudprovider/bcs/cache.go:166.40,168.4 1 0
github.com/Tencent/bk-bcs/bcs-runtime/bcs-k8s/bcs-component/bcs-cluster-autoscaler/cloudprovider/bcs/cache.go:169.40,171.4 1 1
github.com/Tencent/bk-bcs/bcs-runtime/bcs-k8s/bcs-component/bcs-cluster-autoscaler/cloudprovider/bcs/cache.go:184.77,188.40 4 1
github.com/Tencent/bk-bcs/bcs-runtime/bcs-k8s/bcs-component/bcs-cluster-autoscaler/cloudprovider/bcs/cache.go:195.2,195.14 1 1
github.com/Tencent/bk-bcs/bcs-runtime/bcs-k8s/bcs-component/bcs-cluster-autoscaler/cloudprovider/bcs/cache.go:198.2,198.12 1 1
github.com/Tencent/bk-bcs/bcs-runtime/bcs-k8s/bcs-component/bcs-cluster-autoscaler/cloudprovider/bcs/cache.go:188.40,189.32 1 1
github.com/Tencent/bk-bcs/bcs-runtime/bcs-k8s/bcs-component/bcs-cluster-autoscaler/cloudprovider/bcs/cache.go:189.32,192.9 3 1
github.com/Tencent/bk-bcs/bcs-runtime/bcs-k8s/bcs-component/bcs-cluster-autoscaler/cloudprovider/bcs/cache.go:195.14,197.3 1 1
github.com/Tencent/bk-bcs/bcs-runtime/bcs-k8s/bcs-component/bcs-cluster-autoscaler/cloudprovider/bcs/cloud_provider.go:57.65,64.28 2 0
github.com/Tencent/bk-bcs/bcs-runtime/bcs-k8s/bcs-component/bcs-cluster-autoscaler/cloudprovider/bcs/cloud_provider.go:81.2,82.16 2 0
github.com/Tencent/bk-bcs/bcs-runtime/bcs-k8s/bcs-component/bcs-cluster-autoscaler/cloudprovider/bcs/cloud_provider.go:85.2,85.22 1 0
github.com/Tencent/bk-bcs/bcs-runtime/bcs-k8s/bcs-component/bcs-cluster-autoscaler/cloudprovider/bcs/cloud_provider.go:64.28,66.21 2 0
github.com/Tencent/bk-bcs/bcs-runtime/bcs-k8s/bcs-component/bcs-cluster-autoscaler/cloudprovider/bcs/cloud_provider.go:69.3,71.24 3 0
github.com/Tencent/bk-bcs/bcs-runtime/bcs-k8s/bcs-component/bcs-cluster-autoscaler/cloudprovider/bcs/cloud_provider.go:66.21,68.4 1 0
github.com/Tencent/bk-bcs/bcs-runtime/bcs-k8s/bcs-component/bcs-cluster-autoscaler/cloudprovider/bcs/cloud_provider.go:71.24,73.4 1 0
github.com/Tencent/bk-bcs/bcs-runtime/bcs-k8s/bcs-component/bcs-cluster-autoscaler/cloudprovider/bcs/cloud_provider.go:74.8,76.24 2 0
github.com/Tencent/bk-bcs/bcs-runtime/bcs-k8s/bcs-component/bcs-cluster-autoscaler/cloudprovider/bcs/cloud_provider.go:76.24,78.4 1 0
github.com/Tencent/bk-bcs/bcs-runtime/bcs-k8s/bcs-component/bcs-cluster-autoscaler/cloudprovider/bcs/cloud_provider.go:82.16,84.3 1 0
github.com/Tencent/bk-bcs/bcs-runtime/bcs-k8s/bcs-component/bcs-cluster-autoscaler/cloudprovider/bcs/cloud_provider.go:91.38,92.46 1 1
github.com/Tencent/bk-bcs/bcs-runtime/bcs-k8s/bcs-component/bcs-cluster-autoscaler/cloudprovider/bcs/cloud_provider.go:105.2,106.54 1 1
github.com/Tencent/bk-bcs/bcs-runtime/bcs-k8s/bcs-component/bcs-cluster-autoscaler/cloudprovider/bcs/cloud_provider.go:92.46,97.53 2 1
github.com/Tencent/bk-bcs/bcs-runtime/bcs-k8s/bcs-component/bcs-cluster-autoscaler/cloudprovider/bcs/cloud_provider.go:102.3,102.20 1 1
github.com/Tencent/bk-bcs/bcs-runtime/bcs-k8s/bcs-component/bcs-cluster-autoscaler/cloudprovider/bcs/cloud_provider.go:97.53,98.59 1 1
github.com/Tencent/bk-bcs/bcs-runtime/bcs-k8s/bcs-component/bcs-cluster-autoscaler/cloudprovider/bcs/cloud_provider.go:98.59,100.5 1 1
github.com/Tencent/bk-bcs/bcs-runtime/bcs-k8s/bcs-component/bcs-cluster-autoscaler/cloudprovider/bcs/cloud_provider.go:110.42,112.2 1 0
github.com/Tencent/bk-bcs/bcs-runtime/bcs-k8s/bcs-component/bcs-cluster-autoscaler/cloudprovider/bcs/cloud_provider.go:115.67,117.2 1 0
github.com/Tencent/bk-bcs/bcs-runtime/bcs-k8s/bcs-component/bcs-cluster-autoscaler/cloudprovider/bcs/cloud_provider.go:119.40,121.2 1 0
github.com/Tencent/bk-bcs/bcs-runtime/bcs-k8s/bcs-component/bcs-cluster-autoscaler/cloudprovider/bcs/cloud_provider.go:124.38,126.2 1 0
github.com/Tencent/bk-bcs/bcs-runtime/bcs-k8s/bcs-component/bcs-cluster-autoscaler/cloudprovider/bcs/cloud_provider.go:129.63,132.31 3 1
github.com/Tencent/bk-bcs/bcs-runtime/bcs-k8s/bcs-component/bcs-cluster-autoscaler/cloudprovider/bcs/cloud_provider.go:135.2,135.15 1 1
github.com/Tencent/bk-bcs/bcs-runtime/bcs-k8s/bcs-component/bcs-cluster-autoscaler/cloudprovider/bcs/cloud_provider.go:132.31,134.3 1 1
github.com/Tencent/bk-bcs/bcs-runtime/bcs-k8s/bcs-component/bcs-cluster-autoscaler/cloudprovider/bcs/cloud_provider.go:139.92,141.16 2 1
github.com/Tencent/bk-bcs/bcs-runtime/bcs-k8s/bcs-component/bcs-cluster-autoscaler/cloudprovider/bcs/cloud_provider.go:144.2,145.16 2 1
github.com/Tencent/bk-bcs/bcs-runtime/bcs-k8s/bcs-component/bcs-cluster-autoscaler/cloudprovider/bcs/cloud_provider.go:150.2,150.18 1 1
github.com/Tencent/bk-bcs/bcs-runtime/bcs-k8s/bcs-component/bcs-cluster-autoscaler/cloudprovider/bcs/cloud_provider.go:154.2,154.19 1 1
github.com/Tencent/bk-bcs/bcs-runtime/bcs-k8s/bcs-component/bcs-cluster-autoscaler/cloudprovider/bcs/cloud_provider.go:141.16,143.3 1 1
github.com/Tencent/bk-bcs/bcs-runtime/bcs-k8s/bcs-component/bcs-cluster-autoscaler/cloudprovider/bcs/cloud_provider.go:145.16,148.3 2 0
github.com/Tencent/bk-bcs/bcs-runtime/bcs-k8s/bcs-component/bcs-cluster-autoscaler/cloudprovider/bcs/cloud_provider.go:150.18,153.3 2 0
github.com/Tencent/bk-bcs/bcs-runtime/bcs-k8s/bcs-component/bcs-cluster-autoscaler/cloudprovider/bcs/cloud_provider.go:158.87,160.2 1 0
github.com/Tencent/bk-bcs/bcs-runtime/bcs-k8s/bcs-component/bcs-cluster-autoscaler/cloudprovider/bcs/cloud_provider.go:163.69,165.2 1 0
github.com/Tencent/bk-bcs/bcs-runtime/bcs-k8s/bcs-component/bcs-cluster-autoscaler/cloudprovider/bcs/cloud_provider.go:171.102,173.2 1 0
github.com/Tencent/bk-bcs/bcs-runtime/bcs-k8s/bcs-component/bcs-cluster-autoscaler/cloudprovider/bcs/cloud_provider.go:176.85,178.2 1 0
github.com/Tencent/bk-bcs/bcs-runtime/bcs-k8s/bcs-component/bcs-cluster-autoscaler/cloudprovider/bcs/cloud_provider.go:182.40,184.33 2 1
github.com/Tencent/bk-bcs/bcs-runtime/bcs-k8s/bcs-component/bcs-cluster-autoscaler/cloudprovider/bcs/cloud_provider.go:189.2,189.47 1 1
github.com/Tencent/bk-bcs/bcs-runtime/bcs-k8s/bcs-component/bcs-cluster-autoscaler/cloudprovider/bcs/cloud_provider.go:184.33,187.3 2 1
github.com/Tencent/bk-bcs/bcs-runtime/bcs-k8s/bcs-component/bcs-cluster-autoscaler/cloudprovider/bcs/cloud_provider.go:194.103,196.16 2 1
github.com/Tencent/bk-bcs/bcs-runtime/bcs-k8s/bcs-component/bcs-cluster-autoscaler/cloudprovider/bcs/cloud_provider.go:200.2,201.12 2 1
github.com/Tencent/bk-bcs/bcs-runtime/bcs-k8s/bcs-component/bcs-cluster-autoscaler/cloudprovider/bcs/cloud_provider.go:196.16,198.3 1 1
github.com/Tencent/bk-bcs/bcs-runtime/bcs-k8s/bcs-component/bcs-cluster-autoscaler/cloudprovider/bcs/node_group.go:65.39,69.2 3 1
github.com/Tencent/bk-bcs/bcs-runtime/bcs-k8s/bcs-component/bcs-cluster-autoscaler/cloudprovider/bcs/node_group.go:72.39,76.2 3 1
github.com/Tencent/bk-bcs/bcs-runtime/bcs-k8s/bcs-component/bcs-cluster-autoscaler/cloudprovider/bcs/node_group.go:80.51,82.16 2 1
github.com/Tencent/bk-bcs/bcs-runtime/bcs-k8s/bcs-component/bcs-cluster-autoscaler/cloudprovider/bcs/node_group.go:85.2,85.33 1 1
github.com/Tencent/bk-bcs/bcs-runtime/bcs-k8s/bcs-component/bcs-cluster-autoscaler/cloudprovider/bcs/node_group.go:82.16,84.3 1 1
github.com/Tencent/bk-bcs/bcs-runtime/bcs-k8s/bcs-component/bcs-cluster-autoscaler/cloudprovider/bcs/node_group.go:89.55,90.16 1 1
github.com/Tencent/bk-bcs/bcs-runtime/bcs-k8s/bcs-component/bcs-cluster-autoscaler/cloudprovider/bcs/node_group.go:93.2,94.16 2 1
github.com/Tencent/bk-bcs/bcs-runtime/bcs-k8s/bcs-component/bcs-cluster-autoscaler/cloudprovider/bcs/node_group.go:97.2,97.34 1 1
github.com/Tencent/bk-bcs/bcs-runtime/bcs-k8s/bcs-component/bcs-cluster-autoscaler/cloudprovider/bcs/node_group.go:100.2,100.23 1 1
github.com/Tencent/bk-bcs/bcs-runtime/bcs-k8s/bcs-component/bcs-cluster-autoscaler/cloudprovider/bcs/node_group.go:118.2,118.70 1 1
github.com/Tencent/bk-bcs/bcs-runtime/bcs-k8s/bcs-component/bcs-cluster-autoscaler/cloudprovider/bcs/node_group.go:90.16,92.3 1 1
github.com/Tencent/bk-bcs/bcs-runtime/bcs-k8s/bcs-component/bcs-cluster-autoscaler/cloudprovider/bcs/node_group.go:94.16,96.3 1 0
github.com/Tencent/bk-bcs/bcs-runtime/bcs-k8s/bcs-component/bcs-cluster-autoscaler/cloudprovider/bcs/node_group.go:97.34,99.3 1 1
github.com/Tencent/bk-bcs/bcs-runtime/bcs-k8s/bcs-component/bcs-cluster-autoscaler/cloudprovider/bcs/node_group.go:100.23,101.52 1 1
github.com/Tencent/bk-bcs/bcs-runtime/bcs-k8s/bcs-component/bcs-cluster-autoscaler/cloudprovider/bcs/node_group.go:104.3,104.52 1 1
github.com/Tencent/bk-bcs/bcs-runtime/bcs-k8s/bcs-component/bcs-cluster-autoscaler/cloudprovider/bcs/node_group.go:101.52,103.4 1 1
github.com/Tencent/bk-bcs/bcs-runtime/bcs-k8s/bcs-component/bcs-cluster-autoscaler/cloudprovider/bcs/node_group.go:104.52,105.32 1 1
github.com/Tencent/bk-bcs/bcs-runtime/bcs-k8s/bcs-component/bcs-cluster-autoscaler/cloudprovider/bcs/node_group.go:105.32,107.19 2 1
github.com/Tencent/bk-bcs/bcs-runtime/bcs-k8s/bcs-component/bcs-cluster-autoscaler/cloudprovider/bcs/node_group.go:112.5,114.42 1 1
github.com/Tencent/bk-bcs/bcs-runtime/bcs-k8s/bcs-component/bcs-cluster-autoscaler/cloudprovider/bcs/node_group.go:107.19,111.6 1 1
github.com/Tencent/bk-bcs/bcs-runtime/bcs-k8s/bcs-component/bcs-cluster-autoscaler/cloudprovider/bcs/node_group.go:122.42,124.2 1 1
github.com/Tencent/bk-bcs/bcs-runtime/bcs-k8s/bcs-component/bcs-cluster-autoscaler/cloudprovider/bcs/node_group.go:131.61,137.16 2 1
github.com/Tencent/bk-bcs/bcs-runtime/bcs-k8s/bcs-component/bcs-cluster-autoscaler/cloudprovider/bcs/node_group.go:140.2,141.16 2 1
github.com/Tencent/bk-bcs/bcs-runtime/bcs-k8s/bcs-component/bcs-cluster-autoscaler/cloudprovider/bcs/node_group.go:144.2,144.29 1 1
github.com/Tencent/bk-bcs/bcs-runtime/bcs-k8s/bcs-component/bcs-cluster-autoscaler/cloudprovider/bcs/node_group.go:148.2,148.70 1 1
github.com/Tencent/bk-bcs/bcs-runtime/bcs-k8s/bcs-component/bcs-cluster-autoscaler/cloudprovider/bcs/node_group.go:137.16,139.3 1 0
github.com/Tencent/bk-bcs/bcs-runtime/bcs-k8s/bcs-component/bcs-cluster-autoscaler/cloudprovider/bcs/node_group.go:141.16,143.3 1 0
github.com/Tencent/bk-bcs/bcs-runtime/bcs-k8s/bcs-component/bcs-cluster-autoscaler/cloudprovider/bcs/node_group.go:144.29,147.3 1 1
github.com/Tencent/bk-bcs/bcs-runtime/bcs-k8s/bcs-component/bcs-cluster-autoscaler/cloudprovider/bcs/node_group.go:152.65,154.18 2 1
github.com/Tencent/bk-bcs/bcs-runtime/bcs-k8s/bcs-component/bcs-cluster-autoscaler/cloudprovider/bcs/node_group.go:164.2,165.16 2 1
github.com/Tencent/bk-bcs/bcs-runtime/bcs-k8s/bcs-component/bcs-cluster-autoscaler/cloudprovider/bcs/node_group.go:168.2,168.46 1 1
github.com/Tencent/bk-bcs/bcs-runtime/bcs-k8s/bcs-component/bcs-cluster-autoscaler/cloudprovider/bcs/node_group.go:172.2,172.18 1 1
github.com/Tencent/bk-bcs/bcs-runtime/bcs-k8s/bcs-component/bcs-cluster-autoscaler/cloudprovider/bcs/node_group.go:154.18,156.17 2 1
github.com/Tencent/bk-bcs/bcs-runtime/bcs-k8s/bcs-component/bcs-cluster-autoscaler/cloudprovider/bcs/node_group.go:159.3,160.19 2 1
github.com/Tencent/bk-bcs/bcs-runtime/bcs-k8s/bcs-component/bcs-cluster-autoscaler/cloudprovider/bcs/node_group.go:156.17,158.4 1 1
github.com/Tencent/bk-bcs/bcs-runtime/bcs-k8s/bcs-component/bcs-cluster-autoscaler/cloudprovider/bcs/node_group.go:160.19,162.4 1 1
github.com/Tencent/bk-bcs/bcs-runtime/bcs-k8s/bcs-component/bcs-cluster-autoscaler/cloudprovider/bcs/node_group.go:165.16,167.3 1 0
github.com/Tencent/bk-bcs/bcs-runtime/bcs-k8s/bcs-component/bcs-cluster-autoscaler/cloudprovider/bcs/node_group.go:168.46,171.3 1 1
github.com/Tencent/bk-bcs/bcs-runtime/bcs-k8s/bcs-component/bcs-cluster-autoscaler/cloudprovider/bcs/node_group.go:177.38,179.2 1 0
github.com/Tencent/bk-bcs/bcs-runtime/bcs-k8s/bcs-component/bcs-cluster-autoscaler/cloudprovider/bcs/node_group.go:182.67,184.2 1 0
github.com/Tencent/bk-bcs/bcs-runtime/bcs-k8s/bcs-component/bcs-cluster-autoscaler/cloudprovider/bcs/node_group.go:188.40,190.2 1 0
github.com/Tencent/bk-bcs/bcs-runtime/bcs-k8s/bcs-component/bcs-cluster-autoscaler/cloudprovider/bcs/node_group.go:193.48,195.2 1 0
github.com/Tencent/bk-bcs/bcs-runtime/bcs-k8s/bcs-component/bcs-cluster-autoscaler/cloudprovider/bcs/node_group.go:198.64,200.16 2 1
github.com/Tencent/bk-bcs/bcs-runtime/bcs-k8s/bcs-component/bcs-cluster-autoscaler/cloudprovider/bcs/node_group.go:204.2,204.29 1 1
github.com/Tencent/bk-bcs/bcs-runtime/bcs-k8s/bcs-component/bcs-cluster-autoscaler/cloudprovider/bcs/node_group.go:207.2,208.29 2 1
github.com/Tencent/bk-bcs/bcs-runtime/bcs-k8s/bcs-component/bcs-cluster-autoscaler/cloudprovider/bcs/node_group.go:228.2,228.40 1 1
github.com/Tencent/bk-bcs/bcs-runtime/bcs-k8s/bcs-component/bcs-cluster-autoscaler/cloudprovider/bcs/node_group.go:200.16,202.3 1 0
github.com/Tencent/bk-bcs/bcs-runtime/bcs-k8s/bcs-component/bcs-cluster-autoscaler/cloudprovider/bcs/node_group.go:204.29,206.3 1 1
github.com/Tencent/bk-bcs/bcs-runtime/bcs-k8s/bcs-component/bcs-cluster-autoscaler/cloudprovider/bcs/node_group.go:208.29,210.17 2 1
github.com/Tencent/bk-bcs/bcs-runtime/bcs-k8s/bcs-component/bcs-cluster-autoscaler/cloudprovider/bcs/node_group.go:213.3,213.15 1 1
github.com/Tencent/bk-bcs/bcs-runtime/bcs-k8s/bcs-component/bcs-cluster-autoscaler/cloudprovider/bcs/node_group.go:216.3,217.19 2 1
github.com/Tencent/bk-bcs/bcs-runtime/bcs-k8s/bcs-component/bcs-cluster-autoscaler/cloudprovider/bcs/node_group.go:224.3,224.24 1 1
github.com/Tencent/bk-bcs/bcs-runtime/bcs-k8s/bcs-component/bcs-cluster-autoscaler/cloudprovider/bcs/node_group.go:210.17,212.4 1 1
github.com/Tencent/bk-bcs/bcs-runtime/bcs-k8s/bcs-component/bcs-cluster-autoscaler/cloudprovider/bcs/node_group.go:213.15,215.4 1 0
github.com/Tencent/bk-bcs/bcs-runtime/bcs-k8s/bcs-component/bcs-cluster-autoscaler/cloudprovider/bcs/node_group.go:217.19,219.18 2 1
github.com/Tencent/bk-bcs/bcs-runtime/bcs-k8s/bcs-component/bcs-cluster-autoscaler/cloudprovider/bcs/node_group.go:222.4,222.40 1 1
github.com/Tencent/bk-bcs/bcs-runtime/bcs-k8s/bcs-component/bcs-cluster-autoscaler/cloudprovider/bcs/node_group.go:219.18,220.13 1 0
github.com/Tencent/bk-bcs/bcs-runtime/bcs-k8s/bcs-component/bcs-cluster-autoscaler/cloudprovider/bcs/node_group.go:228.40,231.3 2 1
github.com/Tencent/bk-bcs/bcs-runtime/bcs-k8s/bcs-component/bcs-cluster-autoscaler/cloudprovider/bcs/node_group.go:231.8,232.61 1 0
github.com/Tencent/bk-bcs/bcs-runtime/bcs-k8s/bcs-component/bcs-cluster-autoscaler/cloudprovider/bcs/node_group.go:242.3,242.13 1 0
github.com/Tencent/bk-bcs/bcs-runtime/bcs-k8s/bcs-component/bcs-cluster-autoscaler/cloudprovider/bcs/node_group.go:232.61,236.18 4 0
github.com/Tencent/bk-bcs/bcs-runtime/bcs-k8s/bcs-component/bcs-cluster-autoscaler/cloudprovider/bcs/node_group.go:239.4,240.70 2 0
github.com/Tencent/bk-bcs/bcs-runtime/bcs-k8s/bcs-component/bcs-cluster-autoscaler/cloudprovider/bcs/node_group.go:236.18,238.5 1 0
github.com/Tencent/bk-bcs/bcs-runtime/bcs-k8s/bcs-component/bcs-cluster-autoscaler/cloudprovider/bcs/node_group.go:247.37,249.2 1 1
github.com/Tencent/bk-bcs/bcs-runtime/bcs-k8s/bcs-component/bcs-cluster-autoscaler/cloudprovider/bcs/node_group.go:252.40,254.2 1 1
github.com/Tencent/bk-bcs/bcs-runtime/bcs-k8s/bcs-component/bcs-cluster-autoscaler/cloudprovider/bcs/node_group.go:257.67,260.16 3 1
github.com/Tencent/bk-bcs/bcs-runtime/bcs-k8s/bcs-component/bcs-cluster-autoscaler/cloudprovider/bcs/node_group.go:264.2,265.37 2 1
github.com/Tencent/bk-bcs/bcs-runtime/bcs-k8s/bcs-component/bcs-cluster-autoscaler/cloudprovider/bcs/node_group.go:289.2,290.20 2 1
github.com/Tencent/bk-bcs/bcs-runtime/bcs-k8s/bcs-component/bcs-cluster-autoscaler/cloudprovider/bcs/node_group.go:260.16,263.3 2 1
github.com/Tencent/bk-bcs/bcs-runtime/bcs-k8s/bcs-component/bcs-cluster-autoscaler/cloudprovider/bcs/node_group.go:265.37,266.36 1 1
github.com/Tencent/bk-bcs/bcs-runtime/bcs-k8s/bcs-component/bcs-cluster-autoscaler/cloudprovider/bcs/node_group.go:269.3,269.48 1 1
github.com/Tencent/bk-bcs/bcs-runtime/bcs-k8s/bcs-component/bcs-cluster-autoscaler/cloudprovider/bcs/node_group.go:273.3,278.26 3 1
github.com/Tencent/bk-bcs/bcs-runtime/bcs-k8s/bcs-component/bcs-cluster-autoscaler/cloudprovider/bcs/node_group.go:287.3,287.29 1 1
github.com/Tencent/bk-bcs/bcs-runtime/bcs-k8s/bcs-component/bcs-cluster-autoscaler/cloudprovider/bcs/node_group.go:266.36,267.12 1 1
github.com/Tencent/bk-bcs/bcs-runtime/bcs-k8s/bcs-component/bcs-cluster-autoscaler/cloudprovider/bcs/node_group.go:269.48,270.12 1 1
github.com/Tencent/bk-bcs/bcs-runtime/bcs-k8s/bcs-component/bcs-cluster-autoscaler/cloudprovider/bcs/node_group.go:279.19,280.51 1 1
github.com/Tencent/bk-bcs/bcs-runtime/bcs-k8s/bcs-component/bcs-cluster-autoscaler/cloudprovider/bcs/node_group.go:281.18,283.50 1 1
github.com/Tencent/bk-bcs/bcs-runtime/bcs-k8s/bcs-component/bcs-cluster-autoscaler/cloudprovider/bcs/node_group.go:284.11,285.51 1 1
github.com/Tencent/bk-bcs/bcs-runtime/bcs-k8s/bcs-component/bcs-cluster-autoscaler/cloudprovider/bcs/node_group.go:294.72,296.16 2 1
github.com/Tencent/bk-bcs/bcs-runtime/bcs-k8s/bcs-component/bcs-cluster-autoscaler/cloudprovider/bcs/node_group.go:300.2,301.16 2 1
github.com/Tencent/bk-bcs/bcs-runtime/bcs-k8s/bcs-component/bcs-cluster-autoscaler/cloudprovider/bcs/node_group.go:305.2,307.16 3 1
github.com/Tencent/bk-bcs/bcs-runtime/bcs-k8s/bcs-component/bcs-cluster-autoscaler/cloudprovider/bcs/node_group.go:310.2,310.22 1 1
github.com/Tencent/bk-bcs/bcs-runtime/bcs-k8s/bcs-component/bcs-cluster-autoscaler/cloudprovider/bcs/node_group.go:296.16,298.3 1 0
github.com/Tencent/bk-bcs/bcs-runtime/bcs-k8s/bcs-component/bcs-cluster-autoscaler/cloudprovider/bcs/node_group.go:301.16,303.3 1 0
github.com/Tencent/bk-bcs/bcs-runtime/bcs-k8s/bcs-component/bcs-cluster-autoscaler/cloudprovider/bcs/node_group.go:307.16,309.3 1 0
github.com/Tencent/bk-bcs/bcs-runtime/bcs-k8s/bcs-component/bcs-cluster-autoscaler/cloudprovider/bcs/node_group.go:314.75,316.2 1 1
github.com/Tencent/bk-bcs/bcs-runtime/bcs-k8s/bcs-component/bcs-cluster-autoscaler/cloudprovider/bcs/node_group.go:319.59,321.16 2 1
github.com/Tencent/bk-bcs/bcs-runtime/bcs-k8s/bcs-component/bcs-cluster-autoscaler/cloudprovider/bcs/node_group.go:324.2,325.29 2 1
github.com/Tencent/bk-bcs/bcs-runtime/bcs-k8s/bcs-component/bcs-cluster-autoscaler/cloudprovider/bcs/node_group.go:333.2,333.20 1 1
github.com/Tencent/bk-bcs/bcs-runtime/bcs-k8s/bcs-component/bcs-cluster-autoscaler/cloudprovider/bcs/node_group.go:321.16,323.3 1 0
github.com/Tencent/bk-bcs/bcs-runtime/bcs-k8s/bcs-component/bcs-cluster-autoscaler/cloudprovider/bcs/node_group.go:325.29,326.44 1 1
github.com/Tencent/bk-bcs/bcs-runtime/bcs-k8s/bcs-component/bcs-cluster-autoscaler/cloudprovider/bcs/node_group.go:329.3,329.60 1 1
github.com/Tencent/bk-bcs/bcs-runtime/bcs-k8s/bcs-component/bcs-cluster-autoscaler/cloudprovider/bcs/node_group.go:326.44,327.12 1 1
github.com/Tencent/bk-bcs/bcs-runtime/bcs-k8s/bcs-component/bcs-cluster-autoscaler/cloudprovider/bcs/node_group.go:329.60,331.4 1 1
github.com/Tencent/bk-bcs/bcs-runtime/bcs-k8s/bcs-component/bcs-cluster-autoscaler/cloudprovider/bcs/node_group.go:337.61,341.2 3 1
github.com/Tencent/bk-bcs/bcs-runtime/bcs-k8s/bcs-component/bcs-cluster-autoscaler/cloudprovider/bcs/node_group.go:343.66,345.16 2 1
github.com/Tencent/bk-bcs/bcs-runtime/bcs-k8s/bcs-component/bcs-cluster-autoscaler/cloudprovider/bcs/node_group.go:348.2,348.69 1 1
github.com/Tencent/bk-bcs/bcs-runtime/bcs-k8s/bcs-component/bcs-cluster-autoscaler/cloudprovider/bcs/node_group.go:351.2,357.8 2 1
github.com/Tencent/bk-bcs/bcs-runtime/bcs-k8s/bcs-component/bcs-cluster-autoscaler/cloudprovider/bcs/node_group.go:345.16,347.3 1 0
github.com/Tencent/bk-bcs/bcs-runtime/bcs-k8s/bcs-component/bcs-cluster-autoscaler/cloudprovider/bcs/node_group.go:348.69,350.3 1 0
github.com/Tencent/bk-bcs/bcs-runtime/bcs-k8s/bcs-component/bcs-cluster-autoscaler/cloudprovider/bcs/node_group.go:360.92,376.63 7 1
github.com/Tencent/bk-bcs/bcs-runtime/bcs-k8s/bcs-component/bcs-cluster-autoscaler/cloudprovider/bcs/node_group.go:381.2,388.19 5 1
github.com/Tencent/bk-bcs/bcs-runtime/bcs-k8s/bcs-component/bcs-cluster-autoscaler/cloudprovider/bcs/node_group.go:376.63,378.3 1 1
github.com/Tencent/bk-bcs/bcs-runtime/bcs-k8s/bcs-component/bcs-cluster-autoscaler/cloudprovider/bcs/node_group.go:391.37,392.48 1 1
github.com/Tencent/bk-bcs/bcs-runtime/bcs-k8s/bcs-component/bcs-cluster-autoscaler/cloudprovider/bcs/node_group.go:398.2,398.11 1 1
github.com/Tencent/bk-bcs/bcs-runtime/bcs-k8s/bcs-component/bcs-cluster-autoscaler/cloudprovider/bcs/node_group.go:392.48,393.43 1 1
github.com/Tencent/bk-bcs/bcs-runtime/bcs-k8s/bcs-component/bcs-cluster-autoscaler/cloudprovider/bcs/node_group.go:396.3,396.25 1 1
github.com/Tencent/bk-bcs/bcs-runtime/bcs-k8s/bcs-component/bcs-cluster-autoscaler/cloudprovider/bcs/node_group.go:393.43,394.12 1 1
github.com/Tencent/bk-bcs/bcs-runtime/bcs-k8s/bcs-component/bcs-cluster-autoscaler/cloudprovider/bcs/util.go:57.38,58.16 1 0
github.com/Tencent/bk-bcs/bcs-runtime/bcs-k8s/bcs-component/bcs-cluster-autoscaler/cloudprovider/bcs/util.go:63.2,63.61 1 0
github.com/Tencent/bk-bcs/bcs-runtime/bcs-k8s/bcs-component/bcs-cluster-autoscaler/cloudprovider/bcs/util.go:68.2,69.16 2 0
github.com/Tencent/bk-bcs/bcs-runtime/bcs-k8s/bcs-component/bcs-cluster-autoscaler/cloudprovider/bcs/util.go:74.2,75.37 2 0
github.com/Tencent/bk-bcs/bcs-runtime/bcs-k8s/bcs-component/bcs-cluster-autoscaler/cloudprovider/bcs/util.go:78.2,82.12 4 0
github.com/Tencent/bk-bcs/bcs-runtime/bcs-k8s/bcs-component/bcs-cluster-autoscaler/cloudprovider/bcs/util.go:58.16,61.3 2 0
github.com/Tencent/bk-bcs/bcs-runtime/bcs-k8s/bcs-component/bcs-cluster-autoscaler/cloudprovider/bcs/util.go:63.61,66.3 2 0
github.com/Tencent/bk-bcs/bcs-runtime/bcs-k8s/bcs-component/bcs-cluster-autoscaler/cloudprovider/bcs/util.go:69.16,72.3 2 0
github.com/Tencent/bk-bcs/bcs-runtime/bcs-k8s/bcs-component/bcs-cluster-autoscaler/cloudprovider/bcs/util.go:75.37,77.3 1 0
github.com/Tencent/bk-bcs/bcs-runtime/bcs-k8s/bcs-component/bcs-cluster-autoscaler/cloudprovider/bcs/util.go:91.44,95.2 1 1
github.com/Tencent/bk-bcs/bcs-runtime/bcs-k8s/bcs-component/bcs-cluster-autoscaler/cloudprovider/bcs/util.go:98.105,102.2 1 1
github.com/Tencent/bk-bcs/bcs-runtime/bcs-k8s/bcs-component/bcs-cluster-autoscaler/cloudprovider/bcs/util.go:105.54,107.2 1 0
github.com/Tencent/bk-bcs/bcs-runtime/bcs-k8s/bcs-component/bcs-cluster-autoscaler/cloudprovider/bcs/util.go:110.116,111.25 1 1
github.com/Tencent/bk-bcs/bcs-runtime/bcs-k8s/bcs-component/bcs-cluster-autoscaler/cloudprovider/bcs/util.go:118.2,118.29 1 1
github.com/Tencent/bk-bcs/bcs-runtime/bcs-k8s/bcs-component/bcs-cluster-autoscaler/cloudprovider/bcs/util.go:121.2,122.24 2 1
github.com/Tencent/bk-bcs/bcs-runtime/bcs-k8s/bcs-component/bcs-cluster-autoscaler/cloudprovider/bcs/util.go:125.2,126.19 2 1
github.com/Tencent/bk-bcs/bcs-runtime/bcs-k8s/bcs-component/bcs-cluster-autoscaler/cloudprovider/bcs/util.go:129.2,130.16 2 1
github.com/Tencent/bk-bcs/bcs-runtime/bcs-k8s/bcs-component/bcs-cluster-autoscaler/cloudprovider/bcs/util.go:133.2,134.21 2 1
github.com/Tencent/bk-bcs/bcs-runtime/bcs-k8s/bcs-component/bcs-cluster-autoscaler/cloudprovider/bcs/util.go:137.2,138.16 2 1
github.com/Tencent/bk-bcs/bcs-runtime/bcs-k8s/bcs-component/bcs-cluster-autoscaler/cloudprovider/bcs/util.go:142.2,144.16 3 1
github.com/Tencent/bk-bcs/bcs-runtime/bcs-k8s/bcs-component/bcs-cluster-autoscaler/cloudprovider/bcs/util.go:148.2,148.75 1 1
github.com/Tencent/bk-bcs/bcs-runtime/bcs-k8s/bcs-component/bcs-cluster-autoscaler/cloudprovider/bcs/util.go:111.25,113.17 2 0
github.com/Tencent/bk-bcs/bcs-runtime/bcs-k8s/bcs-component/bcs-cluster-autoscaler/cloudprovider/bcs/util.go:113.17,115.4 1 0
github.com/Tencent/bk-bcs/bcs-runtime/bcs-k8s/bcs-component/bcs-cluster-autoscaler/cloudprovider/bcs/util.go:118.29,120.3 1 0
github.com/Tencent/bk-bcs/bcs-runtime/bcs-k8s/bcs-component/bcs-cluster-autoscaler/cloudprovider/bcs/util.go:122.24,124.3 1 0
github.com/Tencent/bk-bcs/bcs-runtime/bcs-k8s/bcs-component/bcs-cluster-autoscaler/cloudprovider/bcs/util.go:126.19,128.3 1 0
github.com/Tencent/bk-bcs/bcs-runtime/bcs-k8s/bcs-component/bcs-cluster-autoscaler/cloudprovider/bcs/util.go:130.16,132.3 1 0
github.com/Tencent/bk-bcs/bcs-runtime/bcs-k8s/bcs-component/bcs-cluster-autoscaler/cloudprovider/bcs/util.go:134.21,136.3 1 0
github.com/Tencent/bk-bcs/bcs-runtime/bcs-k8s/bcs-component/bcs-cluster-autoscaler/cloudprovider/bcs/util.go:138.16,140.3 1 0
github.com/Tencent/bk-bcs/bcs-runtime/bcs-k8s/bcs-component/bcs-cluster-autoscaler/cloudprovider/bcs/util.go:144.16,146.3 1 0
github.com/Tencent/bk-bcs/bcs-runtime/bcs-k8s/bcs-component/bcs-cluster-autoscaler/cloudprovider/bcs/util.go:148.75,150.3 1 0
github.com/Tencent/bk-bcs/bcs-runtime/bcs-k8s/bcs-component/bcs-cluster-autoscaler/cloudprovider/bcs/util.go:161.65,163.48 2 1
github.com/Tencent/bk-bcs/bcs-runtime/bcs-k8s/bcs-component/bcs-cluster-autoscaler/cloudprovider/bcs/util.go:166.2,169.8 2 1
github.com/Tencent/bk-bcs/bcs-runtime/bcs-k8s/bcs-component/bcs-cluster-autoscaler/cloudprovider/bcs/util.go:163.48,165.3 1 1
github.com/Tencent/bk-bcs/bcs-runtime/bcs-k8s/bcs-component/bcs-cluster-autoscaler/cloudprovider/bcs/util.go:173.110,176.16 2 1
github.com/Tencent/bk-bcs/bcs-runtime/bcs-k8s/bcs-component/bcs-cluster-autoscaler/cloudprovider/bcs/util.go:180.2,182.19 2 1
github.com/Tencent/bk-bcs/bcs-runtime/bcs-k8s/bcs-component/bcs-cluster-autoscaler/cloudprovider/bcs/util.go:176.16,178.3 1 1
github.com/Tencent/bk-bcs/bcs-runtime/bcs-k8s/bcs-component/bcs-cluster-autoscaler/cloudprovider/bcs/util.go:185.118,196.2 1 1
github.com/Tencent/bk-bcs/bcs-runtime/bcs-k8s/bcs-component/bcs-cluster-autoscaler/cloudprovider/bcs/util.go:198.84,207.2 7 1
github.com/Tencent/bk-bcs/bcs-runtime/bcs-k8s/bcs-component/bcs-cluster-autoscaler/cloudprovider/bcs/util.go:209.103,215.2 5 1
github.com/Tencent/bk-bcs/bcs-runtime/bcs-k8s/bcs-component/bcs-cluster-autoscaler/cloudprovider/bcs/util.go:218.56,220.16 2 1
github.com/Tencent/bk-bcs/bcs-runtime/bcs-k8s/bcs-component/bcs-cluster-autoscaler/cloudprovider/bcs/util.go:223.2,226.16 3 1
github.com/Tencent/bk-bcs/bcs-runtime/bcs-k8s/bcs-component/bcs-cluster-autoscaler/cloudprovider/bcs/util.go:229.2,234.26 6 1
github.com/Tencent/bk-bcs/bcs-runtime/bcs-k8s/bcs-component/bcs-cluster-autoscaler/cloudprovider/bcs/util.go:220.16,222.3 1 0
github.com/Tencent/bk-bcs/bcs-runtime/bcs-k8s/bcs-component/bcs-cluster-autoscaler/cloudprovider/bcs/util.go:226.16,228.3 1 0
github.com/Tencent/bk-bcs/bcs-runtime/bcs-k8s/bcs-component/bcs-cluster-autoscaler/cloudprovider/bcs/util.go:238.45,242.2 3 1
